2025-07-03 03:10:25,894 - __main__ - INFO - Starting EnergieFixers071 v1.0.0
2025-07-03 03:10:25,895 - __main__ - INFO - Initializing database...
2025-07-03 03:10:25,900 - core.database - ERROR - Failed to initialize database: Error, database must be initialized before opening a connection.
2025-07-03 03:10:25,900 - __main__ - ERROR - Failed to initialize database
2025-07-03 03:10:25,901 - core.database - INFO - Database connection closed
2025-07-03 03:13:23,304 - __main__ - INFO - Starting EnergieFixers071 v1.0.0
2025-07-03 03:13:23,346 - core.database - INFO - Database connection established successfully
2025-07-03 03:13:23,374 - core.models - INFO - Created 3 database tables
2025-07-03 03:13:23,375 - core.models - INFO - Creating dummy data...
2025-07-03 03:13:23,382 - core.models - INFO - Created 7 volunteers and 3 visits
2025-07-03 03:13:23,382 - core.database - INFO - Database initialized successfully at C:\Users\adham\PGXPO Stuff\EnergieFixers071\EnergieFixers071\data\energiefixers.db
2025-07-03 03:13:23,658 - root - ERROR - Application crashed: type object 'Colors' has no attribute 'SIDEBAR_BG'
2025-07-03 03:13:23,661 - core.database - INFO - Database connection closed
2025-07-03 03:15:18,301 - __main__ - INFO - Starting EnergieFixers071 v1.0.0
2025-07-03 03:15:18,339 - core.database - INFO - Database connection established successfully
2025-07-03 03:15:18,346 - core.models - INFO - Created 3 database tables
2025-07-03 03:15:18,346 - core.database - INFO - Database initialized successfully at C:\Users\adham\PGXPO Stuff\EnergieFixers071\EnergieFixers071\data\energiefixers.db
2025-07-03 03:15:19,567 - root - ERROR - Application crashed: type object 'Colors' has no attribute 'TEXT_MUTED'
2025-07-03 03:15:19,570 - core.database - INFO - Database connection closed
2025-07-03 03:20:13,178 - __main__ - INFO - Starting EnergieFixers071 v1.0.0
2025-07-03 03:20:13,216 - core.database - INFO - Database connection established successfully
2025-07-03 03:20:13,222 - core.models - INFO - Created 3 database tables
2025-07-03 03:20:13,223 - core.database - INFO - Database initialized successfully at C:\Users\adham\PGXPO Stuff\EnergieFixers071\EnergieFixers071\data\energiefixers.db
2025-07-03 03:20:15,065 - ui.pages.home_page - INFO - Dashboard data refreshed successfully
2025-07-03 03:20:15,191 - ui.pages.home_page - INFO - Dashboard data refreshed successfully
2025-07-03 03:20:15,191 - ui.root - INFO - Successfully showed page: home
2025-07-03 03:20:15,214 - ui.root - INFO - Main application window initialized successfully
2025-07-03 03:20:22,310 - ui.pages.links_page - WARNING - Unable to load logo: [Errno 2] No such file or directory: 'Logo-Energiefixers071.png'
2025-07-03 03:20:22,348 - ui.root - INFO - Successfully showed page: links
2025-07-03 03:20:25,758 - ui.pages.home_page - INFO - Dashboard data refreshed successfully
2025-07-03 03:20:25,758 - ui.root - INFO - Successfully showed page: home
2025-07-03 03:20:39,358 - ui.pages.volunteer_page - ERROR - Failed to refresh volunteer data: 'VolunteerPage' object has no attribute 'volunteer_tree'
2025-07-03 03:20:41,645 - ui.pages.volunteer_page - INFO - Loaded 7 volunteers
2025-07-03 03:20:41,669 - ui.pages.volunteer_page - INFO - Loaded 7 volunteers
2025-07-03 03:20:41,670 - ui.root - INFO - Successfully showed page: volunteers
2025-07-03 03:21:04,742 - ui.root - INFO - Successfully showed page: appointments
2025-07-03 03:21:06,388 - ui.root - INFO - Successfully showed page: visits
2025-07-03 03:21:08,456 - ui.root - INFO - Successfully showed page: links
2025-07-03 03:21:11,135 - ui.root - INFO - Successfully showed page: settings
2025-07-03 03:21:26,817 - ui.pages.home_page - INFO - Dashboard data refreshed successfully
2025-07-03 03:21:26,817 - ui.root - INFO - Successfully showed page: home
2025-07-03 03:21:36,743 - ui.pages.home_page - INFO - Dashboard data refreshed successfully
2025-07-03 03:21:36,743 - ui.root - INFO - Successfully showed page: home
2025-07-03 03:21:38,354 - ui.pages.home_page - INFO - Dashboard data refreshed successfully
2025-07-03 03:21:38,354 - ui.root - INFO - Successfully showed page: home
2025-07-03 03:21:41,611 - ui.pages.volunteer_page - INFO - Loaded 7 volunteers
2025-07-03 03:21:41,611 - ui.root - INFO - Successfully showed page: volunteers
2025-07-03 03:21:49,425 - ui.pages.volunteer_page - INFO - Loaded 7 volunteers
2025-07-03 03:21:53,369 - ui.pages.volunteer_page - INFO - Loaded 7 volunteers
2025-07-03 03:21:53,583 - ui.pages.home_page - INFO - Dashboard data refreshed successfully
2025-07-03 03:21:53,584 - ui.root - INFO - Successfully showed page: home
2025-07-03 03:22:06,632 - ui.pages.volunteer_page - INFO - Loaded 7 volunteers
2025-07-03 03:22:06,633 - ui.root - INFO - Successfully showed page: volunteers
2025-07-03 03:22:33,594 - ui.root - INFO - Successfully showed page: visits
2025-07-03 03:22:34,950 - ui.root - INFO - Successfully showed page: appointments
2025-07-03 03:22:37,168 - ui.pages.home_page - INFO - Dashboard data refreshed successfully
2025-07-03 03:22:37,168 - ui.root - INFO - Successfully showed page: home
2025-07-03 03:22:52,986 - ui.root - INFO - Successfully showed page: visits
2025-07-03 03:22:58,667 - ui.root - INFO - Successfully showed page: appointments
2025-07-03 03:22:59,878 - ui.pages.home_page - INFO - Dashboard data refreshed successfully
2025-07-03 03:22:59,879 - ui.root - INFO - Successfully showed page: home
2025-07-03 03:23:13,434 - ui.root - INFO - Successfully showed page: settings
2025-07-03 03:23:22,056 - ui.pages.home_page - INFO - Dashboard data refreshed successfully
2025-07-03 03:23:22,056 - ui.root - INFO - Successfully showed page: home
2025-07-03 03:23:24,395 - ui.root - INFO - Successfully showed page: settings
2025-07-03 03:23:26,399 - ui.pages.home_page - INFO - Dashboard data refreshed successfully
2025-07-03 03:23:26,399 - ui.root - INFO - Successfully showed page: home
2025-07-03 03:23:34,776 - ui.pages.volunteer_page - INFO - Loaded 7 volunteers
2025-07-03 03:23:34,777 - ui.root - INFO - Successfully showed page: volunteers
2025-07-03 03:23:36,005 - ui.root - INFO - Successfully showed page: appointments
2025-07-03 03:23:37,071 - ui.pages.home_page - INFO - Dashboard data refreshed successfully
2025-07-03 03:23:37,072 - ui.root - INFO - Successfully showed page: home
2025-07-03 03:24:05,833 - ui.root - INFO - Successfully showed page: settings
2025-07-03 03:24:11,994 - ui.pages.home_page - INFO - Dashboard data refreshed successfully
2025-07-03 03:24:11,994 - ui.root - INFO - Successfully showed page: home
2025-07-03 03:24:14,100 - ui.root - INFO - Successfully showed page: settings
2025-07-03 03:24:34,730 - ui.pages.home_page - INFO - Dashboard data refreshed successfully
2025-07-03 03:24:34,730 - ui.root - INFO - Successfully showed page: home
2025-07-03 03:24:36,647 - ui.root - INFO - Successfully showed page: settings
2025-07-03 03:26:17,966 - ui.pages.home_page - INFO - Dashboard data refreshed successfully
2025-07-03 03:26:17,966 - ui.root - INFO - Successfully showed page: home
2025-07-03 03:33:11,952 - __main__ - INFO - Starting EnergieFixers071 v1.0.0
2025-07-03 03:33:12,000 - core.database - INFO - Database connection established successfully
2025-07-03 03:33:12,005 - core.models - INFO - Created 3 database tables
2025-07-03 03:33:12,005 - core.database - INFO - Database initialized successfully at C:\Users\adham\PGXPO Stuff\EnergieFixers071\EnergieFixers071\data\energiefixers.db
2025-07-03 03:33:12,410 - ui.root - INFO - Logo loaded successfully: 200x91
2025-07-03 03:33:13,921 - ui.pages.home_page - INFO - Dashboard data refreshed successfully
2025-07-03 03:33:13,931 - ui.pages.home_page - INFO - Dashboard data refreshed successfully
2025-07-03 03:33:13,931 - ui.root - INFO - Successfully showed page: home
2025-07-03 03:33:13,949 - ui.root - INFO - Enhanced main application window initialized successfully
2025-07-03 03:33:23,029 - ui.pages.home_page - INFO - Dashboard data refreshed successfully
2025-07-03 03:33:23,029 - ui.root - INFO - Successfully showed page: home
2025-07-03 03:33:23,822 - ui.root - ERROR - Failed to show page volunteers: type object 'Colors' has no attribute 'PRIMARY_GREEN'
2025-07-03 03:33:24,892 - ui.root - ERROR - Failed to show page appointments: type object 'Colors' has no attribute 'PRIMARY_GREEN'
2025-07-03 03:33:25,965 - ui.root - ERROR - Failed to show page volunteers: type object 'Colors' has no attribute 'PRIMARY_GREEN'
2025-07-03 03:33:26,920 - ui.pages.home_page - INFO - Dashboard data refreshed successfully
2025-07-03 03:33:26,921 - ui.root - INFO - Successfully showed page: home
2025-07-03 03:33:27,859 - ui.root - ERROR - Failed to show page volunteers: type object 'Colors' has no attribute 'PRIMARY_GREEN'
2025-07-03 03:33:28,560 - ui.root - ERROR - Failed to show page appointments: type object 'Colors' has no attribute 'PRIMARY_GREEN'
2025-07-03 03:33:29,248 - ui.root - ERROR - Failed to show page visits: type object 'Colors' has no attribute 'PRIMARY_GREEN'
2025-07-03 03:33:30,004 - ui.pages.links_page - WARNING - Unable to load logo: [Errno 2] No such file or directory: 'Logo-Energiefixers071.png'
2025-07-03 03:33:30,036 - ui.root - INFO - Successfully showed page: links
2025-07-03 03:33:30,995 - ui.root - ERROR - Failed to show page settings: type object 'Colors' has no attribute 'PRIMARY_GREEN'
2025-07-03 03:33:32,113 - ui.root - ERROR - Failed to show page appointments: type object 'Colors' has no attribute 'PRIMARY_GREEN'
2025-07-03 03:33:32,918 - ui.root - ERROR - Failed to show page volunteers: type object 'Colors' has no attribute 'PRIMARY_GREEN'
2025-07-03 03:33:33,608 - ui.pages.home_page - INFO - Dashboard data refreshed successfully
2025-07-03 03:33:33,608 - ui.root - INFO - Successfully showed page: home
2025-07-03 03:33:34,479 - ui.root - ERROR - Failed to show page volunteers: type object 'Colors' has no attribute 'PRIMARY_GREEN'
2025-07-03 03:33:56,871 - __main__ - INFO - Starting EnergieFixers071 v1.0.0
2025-07-03 03:33:56,919 - core.database - INFO - Database connection established successfully
2025-07-03 03:33:56,924 - core.models - INFO - Created 3 database tables
2025-07-03 03:33:56,925 - core.database - INFO - Database initialized successfully at C:\Users\adham\PGXPO Stuff\EnergieFixers071\EnergieFixers071\data\energiefixers.db
2025-07-03 03:33:58,430 - ui.root - ERROR - Failed to setup UI: type object 'Theme' has no attribute 'SPACING_LARGE'
2025-07-03 03:33:58,431 - ui.root - ERROR - Failed to initialize main application: type object 'Theme' has no attribute 'SPACING_LARGE'
2025-07-03 03:34:05,452 - ui.root - INFO - Application closing...
2025-07-03 03:34:05,497 - __main__ - INFO - Application closed normally
2025-07-03 03:34:05,498 - core.database - INFO - Database connection closed
2025-07-03 03:34:39,383 - __main__ - INFO - Starting EnergieFixers071 v1.0.0
2025-07-03 03:34:39,420 - core.database - INFO - Database connection established successfully
2025-07-03 03:34:39,426 - core.models - INFO - Created 3 database tables
2025-07-03 03:34:39,427 - core.database - INFO - Database initialized successfully at C:\Users\adham\PGXPO Stuff\EnergieFixers071\EnergieFixers071\data\energiefixers.db
2025-07-03 03:34:41,175 - ui.pages.home_page - INFO - Dashboard data refreshed successfully
2025-07-03 03:34:41,304 - ui.pages.home_page - INFO - Dashboard data refreshed successfully
2025-07-03 03:34:41,305 - ui.root - INFO - Successfully showed page: home
2025-07-03 03:34:41,326 - ui.root - INFO - Main application window initialized successfully
2025-07-03 03:34:44,836 - ui.root - INFO - Successfully showed page: settings
2025-07-03 03:34:52,540 - ui.pages.home_page - INFO - Dashboard data refreshed successfully
2025-07-03 03:34:52,540 - ui.root - INFO - Successfully showed page: home
2025-07-03 03:34:54,571 - ui.root - INFO - Successfully showed page: settings
2025-07-03 03:35:09,464 - ui.pages.home_page - INFO - Dashboard data refreshed successfully
2025-07-03 03:35:09,465 - ui.root - INFO - Successfully showed page: home
2025-07-03 03:35:11,372 - ui.pages.volunteer_page - ERROR - Failed to refresh volunteer data: 'VolunteerPage' object has no attribute 'volunteer_tree'
2025-07-03 03:35:12,992 - ui.pages.volunteer_page - INFO - Loaded 7 volunteers
2025-07-03 03:35:13,008 - ui.pages.volunteer_page - INFO - Loaded 7 volunteers
2025-07-03 03:35:13,008 - ui.root - INFO - Successfully showed page: volunteers
2025-07-03 03:35:14,586 - ui.root - INFO - Successfully showed page: appointments
2025-07-03 03:35:15,703 - ui.root - INFO - Successfully showed page: visits
2025-07-03 03:35:17,657 - ui.pages.links_page - WARNING - Unable to load logo: [Errno 2] No such file or directory: 'Logo-Energiefixers071.png'
2025-07-03 03:35:17,692 - ui.root - INFO - Successfully showed page: links
2025-07-03 03:35:18,813 - ui.root - INFO - Successfully showed page: links
2025-07-03 03:35:23,460 - ui.pages.home_page - INFO - Dashboard data refreshed successfully
2025-07-03 03:35:23,460 - ui.root - INFO - Successfully showed page: home
2025-07-03 03:35:29,769 - ui.root - INFO - Successfully showed page: visits
2025-07-03 03:35:37,044 - ui.pages.home_page - INFO - Dashboard data refreshed successfully
2025-07-03 03:35:37,044 - ui.root - INFO - Successfully showed page: home
2025-07-03 03:35:43,562 - ui.root - INFO - Successfully showed page: settings
2025-07-03 03:43:08,310 - ui.root - INFO - Application closing...
2025-07-03 03:43:08,419 - __main__ - INFO - Application closed normally
2025-07-03 03:43:08,424 - core.database - INFO - Database connection closed
2025-07-03 03:46:14,952 - __main__ - INFO - Starting EnergieFixers071 v1.0.0
2025-07-03 03:46:14,989 - core.database - INFO - Database connection established successfully
2025-07-03 03:46:14,994 - core.models - INFO - Created 3 database tables
2025-07-03 03:46:14,995 - core.database - INFO - Database initialized successfully at C:\Users\adham\PGXPO Stuff\EnergieFixers071\EnergieFixers071\data\energiefixers.db
2025-07-03 03:46:15,331 - core.theme_manager - ERROR - Failed to initialize themes: ThemeDefinition.__init__() got an unexpected keyword argument 'primary'
2025-07-03 03:46:15,331 - ui.root - ERROR - Failed to initialize main application: Failed to initialize themes
2025-07-03 03:46:20,960 - ui.root - ERROR - Application runtime error: 'MainApplication' object has no attribute 'root'
2025-07-03 03:46:20,961 - root - ERROR - Application crashed: 'MainApplication' object has no attribute 'root'
2025-07-03 03:46:20,962 - core.database - INFO - Database connection closed
2025-07-03 03:49:31,739 - __main__ - INFO - Starting EnergieFixers071 v1.0.0
2025-07-03 03:49:31,783 - core.database - INFO - Database connection established successfully
2025-07-03 03:49:31,790 - core.models - INFO - Created 3 database tables
2025-07-03 03:49:31,791 - core.database - INFO - Database initialized successfully at C:\Users\adham\PGXPO Stuff\EnergieFixers071\EnergieFixers071\data\energiefixers.db
2025-07-03 03:49:32,060 - core.theme_manager - ERROR - Failed to initialize themes: Colors.__init__() missing 1 required positional argument: 'active'
2025-07-03 03:49:32,061 - ui.root - ERROR - Failed to initialize main application: Failed to initialize themes
2025-07-03 03:49:33,815 - ui.root - ERROR - Application runtime error: 'MainApplication' object has no attribute 'root'
2025-07-03 03:49:33,816 - root - ERROR - Application crashed: 'MainApplication' object has no attribute 'root'
2025-07-03 03:49:33,818 - core.database - INFO - Database connection closed
2025-07-03 03:52:59,057 - __main__ - INFO - Starting EnergieFixers071 v1.0.0
2025-07-03 03:52:59,094 - core.database - INFO - Database connection established successfully
2025-07-03 03:52:59,100 - core.models - INFO - Created 3 database tables
2025-07-03 03:52:59,101 - core.database - INFO - Database initialized successfully at C:\Users\adham\PGXPO Stuff\EnergieFixers071\EnergieFixers071\data\energiefixers.db
2025-07-03 03:52:59,369 - core.theme_manager - INFO - Registered theme: flatly_enhanced
2025-07-03 03:52:59,369 - core.theme_manager - INFO - Registered theme: darkly_enhanced
2025-07-03 03:52:59,370 - core.theme_manager - INFO - Applied theme: flatly_enhanced
2025-07-03 03:52:59,510 - ui.root - ERROR - Failed to initialize main application: type object 'Config' has no attribute 'SIDEBAR_WIDTH'
2025-07-03 03:53:07,761 - ui.root - INFO - Application closing...
2025-07-03 03:53:07,766 - __main__ - INFO - Application closed normally
2025-07-03 03:53:07,768 - core.database - INFO - Database connection closed
2025-07-03 03:55:57,919 - __main__ - INFO - Starting EnergieFixers071 v1.0.0
2025-07-03 03:55:57,955 - core.database - INFO - Database connection established successfully
2025-07-03 03:55:57,961 - core.models - INFO - Created 3 database tables
2025-07-03 03:55:57,962 - core.database - INFO - Database initialized successfully at C:\Users\adham\PGXPO Stuff\EnergieFixers071\EnergieFixers071\data\energiefixers.db
2025-07-03 03:55:58,220 - core.theme_manager - INFO - Registered theme: flatly_enhanced
2025-07-03 03:55:58,220 - core.theme_manager - INFO - Registered theme: darkly_enhanced
2025-07-03 03:55:58,221 - core.theme_manager - INFO - Applied theme: flatly_enhanced
2025-07-03 03:55:58,352 - ui.root - ERROR - Failed to initialize main application: cannot import name 'Theme' from 'config' (C:\Users\adham\PGXPO Stuff\EnergieFixers071\EnergieFixers071\app\config.py)
2025-07-03 03:56:08,486 - ui.root - INFO - Application closing...
2025-07-03 03:56:08,495 - __main__ - INFO - Application closed normally
2025-07-03 03:56:08,497 - core.database - INFO - Database connection closed
2025-07-03 04:07:56,050 - __main__ - INFO - Starting EnergieFixers071 v1.0.0
2025-07-03 04:07:56,088 - core.database - INFO - Database connection established successfully
2025-07-03 04:07:56,095 - core.models - INFO - Created 3 database tables
2025-07-03 04:07:56,096 - core.database - INFO - Database initialized successfully at C:\Users\adham\PGXPO Stuff\EnergieFixers071\EnergieFixers071\data\energiefixers.db
2025-07-03 04:07:57,874 - ui.pages.home_page - INFO - Dashboard data refreshed successfully
2025-07-03 04:07:57,998 - ui.pages.home_page - INFO - Dashboard data refreshed successfully
2025-07-03 04:07:57,999 - ui.root - INFO - Successfully showed page: home
2025-07-03 04:07:58,020 - ui.root - INFO - Main application window initialized
2025-07-03 04:08:04,360 - ui.root - INFO - Successfully showed page: settings
2025-07-03 04:08:21,328 - ui.pages.home_page - INFO - Dashboard data refreshed successfully
2025-07-03 04:08:21,328 - ui.root - INFO - Successfully showed page: home
2025-07-03 04:08:38,401 - ui.pages.volunteer_page - ERROR - Failed to refresh volunteer data: 'VolunteerPage' object has no attribute 'volunteer_tree'
2025-07-03 04:08:42,038 - ui.pages.volunteer_page - INFO - Loaded 7 volunteers
2025-07-03 04:08:42,064 - ui.pages.volunteer_page - INFO - Loaded 7 volunteers
2025-07-03 04:08:42,064 - ui.root - INFO - Successfully showed page: volunteers
2025-07-03 04:08:56,951 - ui.pages.home_page - INFO - Dashboard data refreshed successfully
2025-07-03 04:08:56,951 - ui.root - INFO - Successfully showed page: home
2025-07-03 04:09:10,265 - ui.root - INFO - Successfully showed page: appointments
2025-07-03 04:09:13,072 - ui.pages.home_page - INFO - Dashboard data refreshed successfully
2025-07-03 04:09:13,073 - ui.root - INFO - Successfully showed page: home
2025-07-03 04:09:26,478 - ui.pages.volunteer_page - INFO - Loaded 7 volunteers
2025-07-03 04:09:26,479 - ui.root - INFO - Successfully showed page: volunteers
2025-07-03 04:09:27,722 - ui.root - INFO - Successfully showed page: appointments
2025-07-03 04:09:28,744 - ui.root - INFO - Successfully showed page: visits
2025-07-03 04:09:30,339 - ui.pages.home_page - INFO - Dashboard data refreshed successfully
2025-07-03 04:09:30,339 - ui.root - INFO - Successfully showed page: home
2025-07-03 04:09:34,993 - ui.root - INFO - Successfully showed page: settings
2025-07-03 04:09:41,342 - ui.pages.home_page - INFO - Dashboard data refreshed successfully
2025-07-03 04:09:41,343 - ui.root - INFO - Successfully showed page: home
2025-07-03 04:09:44,602 - ui.pages.volunteer_page - INFO - Loaded 7 volunteers
2025-07-03 04:09:44,602 - ui.root - INFO - Successfully showed page: volunteers
2025-07-03 04:09:45,907 - ui.root - INFO - Successfully showed page: settings
2025-07-03 04:09:52,201 - ui.pages.links_page - WARNING - Unable to load logo: [Errno 2] No such file or directory: 'Logo-Energiefixers071.png'
2025-07-03 04:09:52,234 - ui.root - INFO - Successfully showed page: links
2025-07-03 04:09:55,811 - ui.root - INFO - Successfully showed page: settings
2025-07-03 04:10:02,796 - ui.root - INFO - Successfully showed page: links
2025-07-03 04:10:43,832 - ui.root - INFO - Successfully showed page: visits
2025-07-03 04:10:45,650 - ui.root - INFO - Successfully showed page: appointments
2025-07-03 04:10:47,044 - ui.pages.volunteer_page - INFO - Loaded 7 volunteers
2025-07-03 04:10:47,044 - ui.root - INFO - Successfully showed page: volunteers
2025-07-03 04:10:52,293 - ui.pages.home_page - INFO - Dashboard data refreshed successfully
2025-07-03 04:10:52,293 - ui.root - INFO - Successfully showed page: home
2025-07-03 04:10:58,273 - ui.root - INFO - Successfully showed page: visits
2025-07-03 04:11:00,318 - ui.root - INFO - Successfully showed page: appointments
2025-07-03 04:11:02,209 - ui.pages.volunteer_page - INFO - Loaded 7 volunteers
2025-07-03 04:11:02,210 - ui.root - INFO - Successfully showed page: volunteers
2025-07-03 04:11:03,656 - ui.pages.home_page - INFO - Dashboard data refreshed successfully
2025-07-03 04:11:03,657 - ui.root - INFO - Successfully showed page: home
2025-07-03 04:11:06,604 - ui.pages.volunteer_page - INFO - Loaded 7 volunteers
2025-07-03 04:11:06,604 - ui.root - INFO - Successfully showed page: volunteers
2025-07-03 04:11:07,726 - ui.pages.home_page - INFO - Dashboard data refreshed successfully
2025-07-03 04:11:07,727 - ui.root - INFO - Successfully showed page: home
2025-07-03 04:11:15,542 - ui.root - INFO - Successfully showed page: visits
2025-07-03 04:11:17,860 - ui.root - INFO - Successfully showed page: appointments
2025-07-03 04:11:21,342 - ui.root - INFO - Successfully showed page: links
2025-07-03 04:11:22,586 - ui.pages.home_page - INFO - Dashboard data refreshed successfully
2025-07-03 04:11:22,586 - ui.root - INFO - Successfully showed page: home
2025-07-03 04:12:29,854 - __main__ - INFO - Starting EnergieFixers071 v1.0.0
2025-07-03 04:12:29,901 - core.database - INFO - Database connection established successfully
2025-07-03 04:12:29,907 - core.models - INFO - Created 3 database tables
2025-07-03 04:12:29,908 - core.database - INFO - Database initialized successfully at C:\Users\adham\PGXPO Stuff\EnergieFixers071\EnergieFixers071\data\energiefixers.db
2025-07-03 04:12:31,773 - ui.pages.home_page - INFO - Dashboard data refreshed successfully
2025-07-03 04:12:31,905 - ui.pages.home_page - INFO - Dashboard data refreshed successfully
2025-07-03 04:12:31,906 - ui.root - INFO - Successfully showed page: home
2025-07-03 04:12:31,929 - ui.root - INFO - Main application window initialized
2025-07-03 04:12:39,728 - ui.root - INFO - Application closing...
2025-07-03 04:12:39,797 - __main__ - INFO - Application closed normally
2025-07-03 04:12:39,799 - core.database - INFO - Database connection closed
2025-07-03 04:13:22,545 - __main__ - INFO - Starting EnergieFixers071 v1.0.0
2025-07-03 04:13:22,585 - core.database - INFO - Database connection established successfully
2025-07-03 04:13:22,591 - core.models - INFO - Created 3 database tables
2025-07-03 04:13:22,592 - core.database - INFO - Database initialized successfully at C:\Users\adham\PGXPO Stuff\EnergieFixers071\EnergieFixers071\data\energiefixers.db
2025-07-03 04:13:24,364 - ui.pages.home_page - INFO - Dashboard data refreshed successfully
2025-07-03 04:13:24,489 - ui.pages.home_page - INFO - Dashboard data refreshed successfully
2025-07-03 04:13:24,490 - ui.root - INFO - Successfully showed page: home
2025-07-03 04:13:24,512 - ui.root - INFO - Main application window initialized
2025-07-03 04:13:26,701 - ui.pages.volunteer_page - ERROR - Failed to refresh volunteer data: 'VolunteerPage' object has no attribute 'volunteer_tree'
2025-07-03 04:13:28,524 - ui.pages.volunteer_page - INFO - Loaded 7 volunteers
2025-07-03 04:13:28,551 - ui.pages.volunteer_page - INFO - Loaded 7 volunteers
2025-07-03 04:13:28,551 - ui.root - INFO - Successfully showed page: volunteers
2025-07-03 04:13:29,815 - ui.pages.home_page - INFO - Dashboard data refreshed successfully
2025-07-03 04:13:29,816 - ui.root - INFO - Successfully showed page: home
2025-07-03 04:13:33,148 - ui.root - INFO - Application closing...
2025-07-03 04:13:33,221 - __main__ - INFO - Application closed normally
2025-07-03 04:13:33,223 - core.database - INFO - Database connection closed
2025-07-03 04:15:25,039 - __main__ - INFO - Starting EnergieFixers071 v1.0.0
2025-07-03 04:15:25,075 - core.database - INFO - Database connection established successfully
2025-07-03 04:15:25,081 - core.models - INFO - Created 3 database tables
2025-07-03 04:15:25,082 - core.database - INFO - Database initialized successfully at C:\Users\adham\PGXPO Stuff\EnergieFixers071\EnergieFixers071\data\energiefixers.db
2025-07-03 04:15:26,846 - ui.pages.home_page - INFO - Dashboard data refreshed successfully
2025-07-03 04:15:26,972 - ui.pages.home_page - INFO - Dashboard data refreshed successfully
2025-07-03 04:15:26,973 - ui.root - INFO - Successfully showed page: home
2025-07-03 04:15:26,994 - ui.root - INFO - Main application window initialized
2025-07-03 04:15:34,190 - __main__ - INFO - Starting EnergieFixers071 v1.0.0
2025-07-03 04:15:34,238 - core.database - INFO - Database connection established successfully
2025-07-03 04:15:34,244 - core.models - INFO - Created 3 database tables
2025-07-03 04:15:34,245 - core.database - INFO - Database initialized successfully at C:\Users\adham\PGXPO Stuff\EnergieFixers071\EnergieFixers071\data\energiefixers.db
2025-07-03 04:15:35,965 - ui.pages.home_page - INFO - Dashboard data refreshed successfully
2025-07-03 04:15:36,086 - ui.pages.home_page - INFO - Dashboard data refreshed successfully
2025-07-03 04:15:36,086 - ui.root - INFO - Successfully showed page: home
2025-07-03 04:15:36,108 - ui.root - INFO - Main application window initialized
2025-07-03 04:15:39,288 - ui.root - INFO - Application closing...
2025-07-03 04:15:39,351 - __main__ - INFO - Application closed normally
2025-07-03 04:15:39,353 - core.database - INFO - Database connection closed
2025-07-03 04:15:46,153 - __main__ - INFO - Starting EnergieFixers071 v1.0.0
2025-07-03 04:15:46,190 - core.database - INFO - Database connection established successfully
2025-07-03 04:15:46,196 - core.models - INFO - Created 3 database tables
2025-07-03 04:15:46,197 - core.database - INFO - Database initialized successfully at C:\Users\adham\PGXPO Stuff\EnergieFixers071\EnergieFixers071\data\energiefixers.db
2025-07-03 04:15:47,948 - ui.pages.home_page - INFO - Dashboard data refreshed successfully
2025-07-03 04:15:48,070 - ui.pages.home_page - INFO - Dashboard data refreshed successfully
2025-07-03 04:15:48,070 - ui.root - INFO - Successfully showed page: home
2025-07-03 04:15:48,090 - ui.root - INFO - Main application window initialized
2025-07-03 04:15:51,034 - ui.root - INFO - Application closing...
2025-07-03 04:15:51,098 - __main__ - INFO - Application closed normally
2025-07-03 04:15:51,100 - core.database - INFO - Database connection closed
2025-07-03 04:16:08,802 - __main__ - INFO - Starting EnergieFixers071 v1.0.0
2025-07-03 04:16:08,839 - core.database - INFO - Database connection established successfully
2025-07-03 04:16:08,845 - core.models - INFO - Created 3 database tables
2025-07-03 04:16:08,846 - core.database - INFO - Database initialized successfully at C:\Users\adham\PGXPO Stuff\EnergieFixers071\EnergieFixers071\data\energiefixers.db
2025-07-03 04:16:10,588 - ui.pages.home_page - INFO - Dashboard data refreshed successfully
2025-07-03 04:16:10,709 - ui.pages.home_page - INFO - Dashboard data refreshed successfully
2025-07-03 04:16:10,711 - ui.root - INFO - Successfully showed page: home
2025-07-03 04:16:10,732 - ui.root - INFO - Main application window initialized
2025-07-03 04:16:13,018 - ui.pages.volunteer_page - ERROR - Failed to refresh volunteer data: 'VolunteerPage' object has no attribute 'volunteer_tree'
2025-07-03 04:16:15,122 - ui.pages.volunteer_page - INFO - Loaded 7 volunteers
2025-07-03 04:16:15,148 - ui.pages.volunteer_page - INFO - Loaded 7 volunteers
2025-07-03 04:16:15,149 - ui.root - INFO - Successfully showed page: volunteers
2025-07-03 04:16:16,502 - ui.pages.home_page - INFO - Dashboard data refreshed successfully
2025-07-03 04:16:16,503 - ui.root - INFO - Successfully showed page: home
2025-07-03 04:16:21,055 - ui.root - INFO - Application closing...
2025-07-03 04:16:21,127 - __main__ - INFO - Application closed normally
2025-07-03 04:16:21,129 - core.database - INFO - Database connection closed
2025-07-03 04:23:52,019 - __main__ - INFO - Starting EnergieFixers071 v1.0.0
2025-07-03 04:23:52,061 - core.database - INFO - Database connection established successfully
2025-07-03 04:23:52,072 - core.models - INFO - Created 3 database tables
2025-07-03 04:23:52,073 - core.database - INFO - Database initialized successfully at C:\Users\adham\PGXPO Stuff\EnergieFixers071\EnergieFixers071\data\energiefixers.db
2025-07-03 04:23:53,926 - ui.pages.home_page - INFO - Dashboard data refreshed successfully
2025-07-03 04:23:54,049 - ui.pages.home_page - INFO - Dashboard data refreshed successfully
2025-07-03 04:23:54,049 - ui.root - INFO - Successfully showed page: home
2025-07-03 04:23:54,076 - ui.root - INFO - Main application window initialized
2025-07-03 04:23:57,189 - ui.root - INFO - Successfully showed page: settings
